[debug] [2021-10-13T14:45:47.656Z] ----------------------------------------------------------------------
[debug] [2021-10-13T14:45:47.657Z] Command:       C:\Program Files\nodejs\node.exe C:\Users\tosib\AppData\Roaming\npm\node_modules\firebase-tools\lib\bin\firebase.js emulators:start
[debug] [2021-10-13T14:45:47.658Z] CLI Version:   9.20.0
[debug] [2021-10-13T14:45:47.658Z] Platform:      win32
[debug] [2021-10-13T14:45:47.658Z] Node Version:  v14.17.6
[debug] [2021-10-13T14:45:47.658Z] Time:          Wed Oct 13 2021 16:45:47 GMT+0200 (Central European Summer Time)
[debug] [2021-10-13T14:45:47.658Z] ----------------------------------------------------------------------
[debug] 
[debug] [2021-10-13T14:45:47.660Z] >>> [apiv2][query] GET https://firebase-public.firebaseio.com/cli.json [none]
[debug] [2021-10-13T14:45:47.722Z] > command requires scopes: ["email","openid","https://www.googleapis.com/auth/cloudplatformprojects.readonly","https://www.googleapis.com/auth/firebase","https://www.googleapis.com/auth/cloud-platform"]
[debug] [2021-10-13T14:45:47.722Z] > authorizing via signed-in user (suelsaraqi1@gmail.com)
[info] i  emulators: Starting emulators: functions, hosting {"metadata":{"emulator":{"name":"hub"},"message":"Starting emulators: functions, hosting"}}
[debug] [2021-10-13T14:45:47.732Z] [hub] writing locator at C:\Users\tosib\AppData\Local\Temp\hub-challenge-83993.json
[warn] !  functions: The following emulators are not running, calls to these services from the Functions emulator will affect production: auth, firestore, database, pubsub, storage {"metadata":{"emulator":{"name":"functions"},"message":"The following emulators are not running, calls to these services from the Functions emulator will affect production: \u001b[1mauth, firestore, database, pubsub, storage\u001b[22m"}}
[info] +  functions: Using node@14 from host. {"metadata":{"emulator":{"name":"functions"},"message":"Using node@14 from host."}}
[debug] [2021-10-13T14:45:47.748Z] defaultcredentials: writing to file C:\Users\tosib\AppData\Roaming\firebase\suelsaraqi1_gmail_com_application_default_credentials.json
[debug] [2021-10-13T14:45:47.750Z] Setting GAC to C:\Users\tosib\AppData\Roaming\firebase\suelsaraqi1_gmail_com_application_default_credentials.json {"metadata":{"emulator":{"name":"functions"},"message":"Setting GAC to C:\\Users\\tosib\\AppData\\Roaming\\firebase\\suelsaraqi1_gmail_com_application_default_credentials.json"}}
[debug] [2021-10-13T14:45:47.751Z] > refreshing access token with scopes: []
[debug] [2021-10-13T14:45:47.752Z] >>> HTTP REQUEST POST https://www.googleapis.com/oauth2/v3/token  
 <request body omitted>
[debug] [2021-10-13T14:45:48.027Z] <<< HTTP RESPONSE 200 {"expires":"Mon, 01 Jan 1990 00:00:00 GMT","date":"Wed, 13 Oct 2021 14:45:44 GMT","cache-control":"no-cache, no-store, max-age=0, must-revalidate","pragma":"no-cache","content-type":"application/json; charset=utf-8","vary":"X-Origin, Referer, Origin,Accept-Encoding","server":"scaffolding on HTTPServer2","x-xss-protection":"0","x-frame-options":"SAMEORIGIN","x-content-type-options":"nosniff","alt-svc":"h3=\":443\"; ma=2592000,h3-29=\":443\"; ma=2592000,h3-T051=\":443\"; ma=2592000,h3-Q050=\":443\"; ma=2592000,h3-Q046=\":443\"; ma=2592000,h3-Q043=\":443\"; ma=2592000,quic=\":443\"; ma=2592000; v=\"46,43\"","accept-ranges":"none","transfer-encoding":"chunked"}
[debug] [2021-10-13T14:45:48.043Z] >>> [apiv2][query] GET https://firebase.googleapis.com/v1beta1/projects/challenge-83993/adminSdkConfig [none]
[debug] [2021-10-13T14:45:48.316Z] <<< [apiv2][status] GET https://firebase-public.firebaseio.com/cli.json 200
[debug] [2021-10-13T14:45:48.317Z] <<< [apiv2][body] GET https://firebase-public.firebaseio.com/cli.json {"cloudBuildErrorAfter":1594252800000,"cloudBuildWarnAfter":1590019200000,"defaultNode10After":1594252800000,"minVersion":"3.0.5","node8DeploysDisabledAfter":1613390400000,"node8RuntimeDisabledAfter":1615809600000,"node8WarnAfter":1600128000000}
[debug] [2021-10-13T14:45:48.444Z] <<< [apiv2][status] GET https://firebase.googleapis.com/v1beta1/projects/challenge-83993/adminSdkConfig 200
[debug] [2021-10-13T14:45:48.444Z] <<< [apiv2][body] GET https://firebase.googleapis.com/v1beta1/projects/challenge-83993/adminSdkConfig {"projectId":"challenge-83993","storageBucket":"challenge-83993.appspot.com"}
[debug] [2021-10-13T14:45:48.453Z] >>> [apiv2][query] GET https://firebasehosting.googleapis.com/v1beta1/projects/challenge-83993/sites 
[debug] [2021-10-13T14:45:49.568Z] <<< [apiv2][status] GET https://firebasehosting.googleapis.com/v1beta1/projects/challenge-83993/sites 200
[debug] [2021-10-13T14:45:49.568Z] <<< [apiv2][body] GET https://firebasehosting.googleapis.com/v1beta1/projects/challenge-83993/sites {"sites":[{"name":"projects/790660000298/sites/challenge-83993","defaultUrl":"https://challenge-83993.web.app","appId":"1:790660000298:web:3c390177d51eee35773153","type":"DEFAULT_SITE"}]}
[debug] [2021-10-13T14:45:49.569Z] >>> [apiv2][query] GET https://firebase.googleapis.com/v1beta1/projects/challenge-83993/webApps/1:790660000298:web:3c390177d51eee35773153/config [none]
[debug] [2021-10-13T14:45:50.519Z] <<< [apiv2][status] GET https://firebase.googleapis.com/v1beta1/projects/challenge-83993/webApps/1:790660000298:web:3c390177d51eee35773153/config 200
[debug] [2021-10-13T14:45:50.520Z] <<< [apiv2][body] GET https://firebase.googleapis.com/v1beta1/projects/challenge-83993/webApps/1:790660000298:web:3c390177d51eee35773153/config {"projectId":"challenge-83993","appId":"1:790660000298:web:3c390177d51eee35773153","storageBucket":"challenge-83993.appspot.com","apiKey":"AIzaSyByjYA7uSUIaMYm8iG_tA5spSoBegEgXso","authDomain":"challenge-83993.firebaseapp.com","messagingSenderId":"790660000298","measurementId":"G-MX35NR9RND"}
[info] i  hosting: Serving hosting files from: build {"metadata":{"emulator":{"name":"hosting"},"message":"Serving hosting files from: \u001b[1mbuild\u001b[22m"}}
[info] +  hosting: Local server: http://localhost:5000 {"metadata":{"emulator":{"name":"hosting"},"message":"Local server: \u001b[4m\u001b[1mhttp://localhost:5000\u001b[22m\u001b[24m"}}
[debug] [2021-10-13T14:45:50.544Z] Ignoring unsupported arg: auto_download {"metadata":{"emulator":{"name":"ui"},"message":"Ignoring unsupported arg: auto_download"}}
[debug] [2021-10-13T14:45:50.544Z] Ignoring unsupported arg: port {"metadata":{"emulator":{"name":"ui"},"message":"Ignoring unsupported arg: port"}}
[debug] [2021-10-13T14:45:50.545Z] Starting Emulator UI with command {"binary":"node","args":["C:\\Users\\tosib\\.cache\\firebase\\emulators\\ui-v1.6.3\\server.bundle.js"],"optionalArgs":[],"joinArgs":false} {"metadata":{"emulator":{"name":"ui"},"message":"Starting Emulator UI with command {\"binary\":\"node\",\"args\":[\"C:\\\\Users\\\\tosib\\\\.cache\\\\firebase\\\\emulators\\\\ui-v1.6.3\\\\server.bundle.js\"],\"optionalArgs\":[],\"joinArgs\":false}"}}
[info] i  ui: Emulator UI logging to ui-debug.log {"metadata":{"emulator":{"name":"ui"},"message":"Emulator UI logging to \u001b[1mui-debug.log\u001b[22m"}}
[debug] [2021-10-13T14:45:50.644Z] Web / API server started at localhost:4000
 {"metadata":{"emulator":{"name":"ui"},"message":"Web / API server started at localhost:4000\n"}}
[info] i  functions: Watching "C:\Users\tosib\Desktop\amazon2\functions" for Cloud Functions... {"metadata":{"emulator":{"name":"functions"},"message":"Watching \"C:\\Users\\tosib\\Desktop\\amazon2\\functions\" for Cloud Functions..."}}
[debug] [2021-10-13T14:45:50.830Z] [worker-pool] addWorker(~diagnostic~) {"metadata":{"emulator":{"name":"functions"},"message":"[worker-pool] addWorker(~diagnostic~)"}}
[debug] [2021-10-13T14:45:50.831Z] [worker-pool] Adding worker with key ~diagnostic~, total=1 {"metadata":{"emulator":{"name":"functions"},"message":"[worker-pool] Adding worker with key ~diagnostic~, total=1"}}
[debug] [2021-10-13T14:45:50.831Z] [worker-pool] submitWork(triggerId=) {"metadata":{"emulator":{"name":"functions"},"message":"[worker-pool] submitWork(triggerId=)"}}
[debug] [2021-10-13T14:45:50.831Z] [worker-~diagnostic~-ed128ce5-b153-4410-8845-fbb7e9591101]: Assigning socketPath: \\?\pipe\C:\Users\tosib\Desktop\amazon2\functions\11616 {"metadata":{"emulator":{"name":"functions"},"message":"[worker-~diagnostic~-ed128ce5-b153-4410-8845-fbb7e9591101]: Assigning socketPath: \\\\?\\pipe\\C:\\Users\\tosib\\Desktop\\amazon2\\functions\\11616"}}
[debug] [2021-10-13T14:45:50.832Z] [worker-~diagnostic~-ed128ce5-b153-4410-8845-fbb7e9591101]: BUSY {"metadata":{"emulator":{"name":"functions"},"message":"[worker-~diagnostic~-ed128ce5-b153-4410-8845-fbb7e9591101]: BUSY"}}
[debug] [2021-10-13T14:45:50.995Z] [runtime-status] [11616] Functions runtime initialized. {"cwd":"C:\\Users\\tosib\\Desktop\\amazon2\\functions","node_version":"14.17.6"} {"metadata":{"emulator":{"name":"functions"},"message":"[runtime-status] [11616] Functions runtime initialized. {\"cwd\":\"C:\\\\Users\\\\tosib\\\\Desktop\\\\amazon2\\\\functions\",\"node_version\":\"14.17.6\"}"}}
[debug] [2021-10-13T14:45:50.996Z] [runtime-status] [11616] Disabled runtime features: undefined {"metadata":{"emulator":{"name":"functions"},"message":"[runtime-status] [11616] Disabled runtime features: undefined"}}
[debug] [2021-10-13T14:45:51.001Z] [runtime-status] [11616] Resolved module firebase-admin {"declared":true,"installed":true,"version":"9.12.0","resolution":"C:\\Users\\tosib\\Desktop\\amazon2\\functions\\node_modules\\firebase-admin\\lib\\index.js"} {"metadata":{"emulator":{"name":"functions"},"message":"[runtime-status] [11616] Resolved module firebase-admin {\"declared\":true,\"installed\":true,\"version\":\"9.12.0\",\"resolution\":\"C:\\\\Users\\\\tosib\\\\Desktop\\\\amazon2\\\\functions\\\\node_modules\\\\firebase-admin\\\\lib\\\\index.js\"}"}}
[debug] [2021-10-13T14:45:51.006Z] [runtime-status] [11616] Resolved module firebase-functions {"declared":true,"installed":true,"version":"3.15.7","resolution":"C:\\Users\\tosib\\Desktop\\amazon2\\functions\\node_modules\\firebase-functions\\lib\\index.js"} {"metadata":{"emulator":{"name":"functions"},"message":"[runtime-status] [11616] Resolved module firebase-functions {\"declared\":true,\"installed\":true,\"version\":\"3.15.7\",\"resolution\":\"C:\\\\Users\\\\tosib\\\\Desktop\\\\amazon2\\\\functions\\\\node_modules\\\\firebase-functions\\\\lib\\\\index.js\"}"}}
[debug] [2021-10-13T14:45:51.006Z] [runtime-status] [11616] Outgoing network have been stubbed. [{"name":"http","status":"mocked"},{"name":"http","status":"mocked"},{"name":"https","status":"mocked"},{"name":"https","status":"mocked"},{"name":"net","status":"mocked"}] {"metadata":{"emulator":{"name":"functions"},"message":"[runtime-status] [11616] Outgoing network have been stubbed. [{\"name\":\"http\",\"status\":\"mocked\"},{\"name\":\"http\",\"status\":\"mocked\"},{\"name\":\"https\",\"status\":\"mocked\"},{\"name\":\"https\",\"status\":\"mocked\"},{\"name\":\"net\",\"status\":\"mocked\"}]"}}
[debug] [2021-10-13T14:45:51.006Z] [runtime-status] [11616] Resolved module firebase-functions {"declared":true,"installed":true,"version":"3.15.7","resolution":"C:\\Users\\tosib\\Desktop\\amazon2\\functions\\node_modules\\firebase-functions\\lib\\index.js"} {"metadata":{"emulator":{"name":"functions"},"message":"[runtime-status] [11616] Resolved module firebase-functions {\"declared\":true,\"installed\":true,\"version\":\"3.15.7\",\"resolution\":\"C:\\\\Users\\\\tosib\\\\Desktop\\\\amazon2\\\\functions\\\\node_modules\\\\firebase-functions\\\\lib\\\\index.js\"}"}}
[debug] [2021-10-13T14:45:51.065Z] [runtime-status] [11616] Checked functions.config() {"config":{}} {"metadata":{"emulator":{"name":"functions"},"message":"[runtime-status] [11616] Checked functions.config() {\"config\":{}}"}}
[debug] [2021-10-13T14:45:51.065Z] [runtime-status] [11616] firebase-functions has been stubbed. {"functionsResolution":{"declared":true,"installed":true,"version":"3.15.7","resolution":"C:\\Users\\tosib\\Desktop\\amazon2\\functions\\node_modules\\firebase-functions\\lib\\index.js"}} {"metadata":{"emulator":{"name":"functions"},"message":"[runtime-status] [11616] firebase-functions has been stubbed. {\"functionsResolution\":{\"declared\":true,\"installed\":true,\"version\":\"3.15.7\",\"resolution\":\"C:\\\\Users\\\\tosib\\\\Desktop\\\\amazon2\\\\functions\\\\node_modules\\\\firebase-functions\\\\lib\\\\index.js\"}}"}}
[debug] [2021-10-13T14:45:51.065Z] [runtime-status] [11616] Resolved module firebase-functions {"declared":true,"installed":true,"version":"3.15.7","resolution":"C:\\Users\\tosib\\Desktop\\amazon2\\functions\\node_modules\\firebase-functions\\lib\\index.js"} {"metadata":{"emulator":{"name":"functions"},"message":"[runtime-status] [11616] Resolved module firebase-functions {\"declared\":true,\"installed\":true,\"version\":\"3.15.7\",\"resolution\":\"C:\\\\Users\\\\tosib\\\\Desktop\\\\amazon2\\\\functions\\\\node_modules\\\\firebase-functions\\\\lib\\\\index.js\"}"}}
[debug] [2021-10-13T14:45:51.066Z] [runtime-status] [11616] Resolved module firebase-admin {"declared":true,"installed":true,"version":"9.12.0","resolution":"C:\\Users\\tosib\\Desktop\\amazon2\\functions\\node_modules\\firebase-admin\\lib\\index.js"} {"metadata":{"emulator":{"name":"functions"},"message":"[runtime-status] [11616] Resolved module firebase-admin {\"declared\":true,\"installed\":true,\"version\":\"9.12.0\",\"resolution\":\"C:\\\\Users\\\\tosib\\\\Desktop\\\\amazon2\\\\functions\\\\node_modules\\\\firebase-admin\\\\lib\\\\index.js\"}"}}
[debug] [2021-10-13T14:45:51.066Z] [runtime-status] [11616] Resolved module firebase-functions {"declared":true,"installed":true,"version":"3.15.7","resolution":"C:\\Users\\tosib\\Desktop\\amazon2\\functions\\node_modules\\firebase-functions\\lib\\index.js"} {"metadata":{"emulator":{"name":"functions"},"message":"[runtime-status] [11616] Resolved module firebase-functions {\"declared\":true,\"installed\":true,\"version\":\"3.15.7\",\"resolution\":\"C:\\\\Users\\\\tosib\\\\Desktop\\\\amazon2\\\\functions\\\\node_modules\\\\firebase-functions\\\\lib\\\\index.js\"}"}}
[debug] [2021-10-13T14:45:51.066Z] [runtime-status] [11616] firebase-admin has been stubbed. {"adminResolution":{"declared":true,"installed":true,"version":"9.12.0","resolution":"C:\\Users\\tosib\\Desktop\\amazon2\\functions\\node_modules\\firebase-admin\\lib\\index.js"}} {"metadata":{"emulator":{"name":"functions"},"message":"[runtime-status] [11616] firebase-admin has been stubbed. {\"adminResolution\":{\"declared\":true,\"installed\":true,\"version\":\"9.12.0\",\"resolution\":\"C:\\\\Users\\\\tosib\\\\Desktop\\\\amazon2\\\\functions\\\\node_modules\\\\firebase-admin\\\\lib\\\\index.js\"}}"}}
[info] +  functions[us-central1-api]: http function initialized (http://localhost:5001/challenge-83993/us-central1/api). {"metadata":{"emulator":{"name":"functions"},"message":"\u001b[1mhttp\u001b[22m function initialized (http://localhost:5001/challenge-83993/us-central1/api)."}}
[info] 
┌─────────────────────────────────────────────────────────────┐
│ ✔  All emulators ready! It is now safe to connect your app. │
│ i  View Emulator UI at http://localhost:4000                │
└─────────────────────────────────────────────────────────────┘

┌───────────┬────────────────┬─────────────────────────────────┐
│ Emulator  │ Host:Port      │ View in Emulator UI             │
├───────────┼────────────────┼─────────────────────────────────┤
│ Functions │ localhost:5001 │ http://localhost:4000/functions │
├───────────┼────────────────┼─────────────────────────────────┤
│ Hosting   │ localhost:5000 │ n/a                             │
└───────────┴────────────────┴─────────────────────────────────┘
  Emulator Hub running at localhost:4400
  Other reserved ports: 4500

Issues? Report them at https://github.com/firebase/firebase-tools/issues and attach the *-debug.log files.
 
[debug] [2021-10-13T14:45:51.270Z] [worker-~diagnostic~-ed128ce5-b153-4410-8845-fbb7e9591101]: IDLE {"metadata":{"emulator":{"name":"functions"},"message":"[worker-~diagnostic~-ed128ce5-b153-4410-8845-fbb7e9591101]: IDLE"}}
[debug] [2021-10-13T14:50:21.855Z] File C:\Users\tosib\Desktop\amazon2\functions\index.js changed, reloading triggers {"metadata":{"emulator":{"name":"functions"},"message":"File C:\\Users\\tosib\\Desktop\\amazon2\\functions\\index.js changed, reloading triggers"}}
[debug] [2021-10-13T14:50:22.864Z] [worker-pool] Shutting down IDLE worker (~diagnostic~) {"metadata":{"emulator":{"name":"functions"},"message":"[worker-pool] Shutting down IDLE worker (~diagnostic~)"}}
[debug] [2021-10-13T14:50:22.864Z] [worker-~diagnostic~-ed128ce5-b153-4410-8845-fbb7e9591101]: FINISHING {"metadata":{"emulator":{"name":"functions"},"message":"[worker-~diagnostic~-ed128ce5-b153-4410-8845-fbb7e9591101]: FINISHING"}}
[debug] [2021-10-13T14:50:22.870Z] [worker-pool] addWorker(~diagnostic~) {"metadata":{"emulator":{"name":"functions"},"message":"[worker-pool] addWorker(~diagnostic~)"}}
[debug] [2021-10-13T14:50:22.870Z] [worker-pool] Adding worker with key ~diagnostic~, total=2 {"metadata":{"emulator":{"name":"functions"},"message":"[worker-pool] Adding worker with key ~diagnostic~, total=2"}}
[debug] [2021-10-13T14:50:22.870Z] [worker-pool] submitWork(triggerId=) {"metadata":{"emulator":{"name":"functions"},"message":"[worker-pool] submitWork(triggerId=)"}}
[debug] [2021-10-13T14:50:22.871Z] [worker-~diagnostic~-3d2c5699-dd8e-4d81-b38c-d4d295feec71]: Assigning socketPath: \\?\pipe\C:\Users\tosib\Desktop\amazon2\functions\26348 {"metadata":{"emulator":{"name":"functions"},"message":"[worker-~diagnostic~-3d2c5699-dd8e-4d81-b38c-d4d295feec71]: Assigning socketPath: \\\\?\\pipe\\C:\\Users\\tosib\\Desktop\\amazon2\\functions\\26348"}}
[debug] [2021-10-13T14:50:22.871Z] [worker-~diagnostic~-3d2c5699-dd8e-4d81-b38c-d4d295feec71]: BUSY {"metadata":{"emulator":{"name":"functions"},"message":"[worker-~diagnostic~-3d2c5699-dd8e-4d81-b38c-d4d295feec71]: BUSY"}}
[debug] [2021-10-13T14:50:22.872Z] [worker-~diagnostic~-ed128ce5-b153-4410-8845-fbb7e9591101]: exited {"metadata":{"emulator":{"name":"functions"},"message":"[worker-~diagnostic~-ed128ce5-b153-4410-8845-fbb7e9591101]: exited"}}
[debug] [2021-10-13T14:50:22.872Z] [worker-~diagnostic~-ed128ce5-b153-4410-8845-fbb7e9591101]: FINISHED {"metadata":{"emulator":{"name":"functions"},"message":"[worker-~diagnostic~-ed128ce5-b153-4410-8845-fbb7e9591101]: FINISHED"}}
[debug] [2021-10-13T14:50:23.028Z] [runtime-status] [26348] Functions runtime initialized. {"cwd":"C:\\Users\\tosib\\Desktop\\amazon2\\functions","node_version":"14.17.6"} {"metadata":{"emulator":{"name":"functions"},"message":"[runtime-status] [26348] Functions runtime initialized. {\"cwd\":\"C:\\\\Users\\\\tosib\\\\Desktop\\\\amazon2\\\\functions\",\"node_version\":\"14.17.6\"}"}}
[debug] [2021-10-13T14:50:23.030Z] [runtime-status] [26348] Disabled runtime features: undefined {"metadata":{"emulator":{"name":"functions"},"message":"[runtime-status] [26348] Disabled runtime features: undefined"}}
[debug] [2021-10-13T14:50:23.032Z] [runtime-status] [26348] Resolved module firebase-admin {"declared":true,"installed":true,"version":"9.12.0","resolution":"C:\\Users\\tosib\\Desktop\\amazon2\\functions\\node_modules\\firebase-admin\\lib\\index.js"} {"metadata":{"emulator":{"name":"functions"},"message":"[runtime-status] [26348] Resolved module firebase-admin {\"declared\":true,\"installed\":true,\"version\":\"9.12.0\",\"resolution\":\"C:\\\\Users\\\\tosib\\\\Desktop\\\\amazon2\\\\functions\\\\node_modules\\\\firebase-admin\\\\lib\\\\index.js\"}"}}
[debug] [2021-10-13T14:50:23.034Z] [runtime-status] [26348] Resolved module firebase-functions {"declared":true,"installed":true,"version":"3.15.7","resolution":"C:\\Users\\tosib\\Desktop\\amazon2\\functions\\node_modules\\firebase-functions\\lib\\index.js"} {"metadata":{"emulator":{"name":"functions"},"message":"[runtime-status] [26348] Resolved module firebase-functions {\"declared\":true,\"installed\":true,\"version\":\"3.15.7\",\"resolution\":\"C:\\\\Users\\\\tosib\\\\Desktop\\\\amazon2\\\\functions\\\\node_modules\\\\firebase-functions\\\\lib\\\\index.js\"}"}}
[debug] [2021-10-13T14:50:23.035Z] [runtime-status] [26348] Outgoing network have been stubbed. [{"name":"http","status":"mocked"},{"name":"http","status":"mocked"},{"name":"https","status":"mocked"},{"name":"https","status":"mocked"},{"name":"net","status":"mocked"}] {"metadata":{"emulator":{"name":"functions"},"message":"[runtime-status] [26348] Outgoing network have been stubbed. [{\"name\":\"http\",\"status\":\"mocked\"},{\"name\":\"http\",\"status\":\"mocked\"},{\"name\":\"https\",\"status\":\"mocked\"},{\"name\":\"https\",\"status\":\"mocked\"},{\"name\":\"net\",\"status\":\"mocked\"}]"}}
[debug] [2021-10-13T14:50:23.036Z] [runtime-status] [26348] Resolved module firebase-functions {"declared":true,"installed":true,"version":"3.15.7","resolution":"C:\\Users\\tosib\\Desktop\\amazon2\\functions\\node_modules\\firebase-functions\\lib\\index.js"} {"metadata":{"emulator":{"name":"functions"},"message":"[runtime-status] [26348] Resolved module firebase-functions {\"declared\":true,\"installed\":true,\"version\":\"3.15.7\",\"resolution\":\"C:\\\\Users\\\\tosib\\\\Desktop\\\\amazon2\\\\functions\\\\node_modules\\\\firebase-functions\\\\lib\\\\index.js\"}"}}
[debug] [2021-10-13T14:50:23.074Z] [runtime-status] [26348] Checked functions.config() {"config":{}} {"metadata":{"emulator":{"name":"functions"},"message":"[runtime-status] [26348] Checked functions.config() {\"config\":{}}"}}
[debug] [2021-10-13T14:50:23.074Z] [runtime-status] [26348] firebase-functions has been stubbed. {"functionsResolution":{"declared":true,"installed":true,"version":"3.15.7","resolution":"C:\\Users\\tosib\\Desktop\\amazon2\\functions\\node_modules\\firebase-functions\\lib\\index.js"}} {"metadata":{"emulator":{"name":"functions"},"message":"[runtime-status] [26348] firebase-functions has been stubbed. {\"functionsResolution\":{\"declared\":true,\"installed\":true,\"version\":\"3.15.7\",\"resolution\":\"C:\\\\Users\\\\tosib\\\\Desktop\\\\amazon2\\\\functions\\\\node_modules\\\\firebase-functions\\\\lib\\\\index.js\"}}"}}
[debug] [2021-10-13T14:50:23.075Z] [runtime-status] [26348] Resolved module firebase-functions {"declared":true,"installed":true,"version":"3.15.7","resolution":"C:\\Users\\tosib\\Desktop\\amazon2\\functions\\node_modules\\firebase-functions\\lib\\index.js"} {"metadata":{"emulator":{"name":"functions"},"message":"[runtime-status] [26348] Resolved module firebase-functions {\"declared\":true,\"installed\":true,\"version\":\"3.15.7\",\"resolution\":\"C:\\\\Users\\\\tosib\\\\Desktop\\\\amazon2\\\\functions\\\\node_modules\\\\firebase-functions\\\\lib\\\\index.js\"}"}}
[debug] [2021-10-13T14:50:23.076Z] [runtime-status] [26348] Resolved module firebase-admin {"declared":true,"installed":true,"version":"9.12.0","resolution":"C:\\Users\\tosib\\Desktop\\amazon2\\functions\\node_modules\\firebase-admin\\lib\\index.js"} {"metadata":{"emulator":{"name":"functions"},"message":"[runtime-status] [26348] Resolved module firebase-admin {\"declared\":true,\"installed\":true,\"version\":\"9.12.0\",\"resolution\":\"C:\\\\Users\\\\tosib\\\\Desktop\\\\amazon2\\\\functions\\\\node_modules\\\\firebase-admin\\\\lib\\\\index.js\"}"}}
[debug] [2021-10-13T14:50:23.076Z] [runtime-status] [26348] Resolved module firebase-functions {"declared":true,"installed":true,"version":"3.15.7","resolution":"C:\\Users\\tosib\\Desktop\\amazon2\\functions\\node_modules\\firebase-functions\\lib\\index.js"} {"metadata":{"emulator":{"name":"functions"},"message":"[runtime-status] [26348] Resolved module firebase-functions {\"declared\":true,\"installed\":true,\"version\":\"3.15.7\",\"resolution\":\"C:\\\\Users\\\\tosib\\\\Desktop\\\\amazon2\\\\functions\\\\node_modules\\\\firebase-functions\\\\lib\\\\index.js\"}"}}
[debug] [2021-10-13T14:50:23.077Z] [runtime-status] [26348] firebase-admin has been stubbed. {"adminResolution":{"declared":true,"installed":true,"version":"9.12.0","resolution":"C:\\Users\\tosib\\Desktop\\amazon2\\functions\\node_modules\\firebase-admin\\lib\\index.js"}} {"metadata":{"emulator":{"name":"functions"},"message":"[runtime-status] [26348] firebase-admin has been stubbed. {\"adminResolution\":{\"declared\":true,\"installed\":true,\"version\":\"9.12.0\",\"resolution\":\"C:\\\\Users\\\\tosib\\\\Desktop\\\\amazon2\\\\functions\\\\node_modules\\\\firebase-admin\\\\lib\\\\index.js\"}}"}}
[debug] [2021-10-13T14:50:23.205Z] [worker-~diagnostic~-3d2c5699-dd8e-4d81-b38c-d4d295feec71]: IDLE {"metadata":{"emulator":{"name":"functions"},"message":"[worker-~diagnostic~-3d2c5699-dd8e-4d81-b38c-d4d295feec71]: IDLE"}}
[debug] [2021-10-13T14:53:24.180Z] File C:\Users\tosib\Desktop\amazon2\functions\index.js changed, reloading triggers {"metadata":{"emulator":{"name":"functions"},"message":"File C:\\Users\\tosib\\Desktop\\amazon2\\functions\\index.js changed, reloading triggers"}}
[debug] [2021-10-13T14:53:25.182Z] [worker-pool] Shutting down IDLE worker (~diagnostic~) {"metadata":{"emulator":{"name":"functions"},"message":"[worker-pool] Shutting down IDLE worker (~diagnostic~)"}}
[debug] [2021-10-13T14:53:25.182Z] [worker-~diagnostic~-3d2c5699-dd8e-4d81-b38c-d4d295feec71]: FINISHING {"metadata":{"emulator":{"name":"functions"},"message":"[worker-~diagnostic~-3d2c5699-dd8e-4d81-b38c-d4d295feec71]: FINISHING"}}
[debug] [2021-10-13T14:53:25.182Z] [worker-pool] Cleaned up workers for ~diagnostic~: 2 --> 1 {"metadata":{"emulator":{"name":"functions"},"message":"[worker-pool] Cleaned up workers for ~diagnostic~: 2 --> 1"}}
[debug] [2021-10-13T14:53:25.186Z] [worker-pool] addWorker(~diagnostic~) {"metadata":{"emulator":{"name":"functions"},"message":"[worker-pool] addWorker(~diagnostic~)"}}
[debug] [2021-10-13T14:53:25.187Z] [worker-pool] Adding worker with key ~diagnostic~, total=2 {"metadata":{"emulator":{"name":"functions"},"message":"[worker-pool] Adding worker with key ~diagnostic~, total=2"}}
[debug] [2021-10-13T14:53:25.187Z] [worker-pool] submitWork(triggerId=) {"metadata":{"emulator":{"name":"functions"},"message":"[worker-pool] submitWork(triggerId=)"}}
[debug] [2021-10-13T14:53:25.187Z] [worker-~diagnostic~-66d6cedb-055d-4e9f-a9b8-eafc29292de5]: Assigning socketPath: \\?\pipe\C:\Users\tosib\Desktop\amazon2\functions\11252 {"metadata":{"emulator":{"name":"functions"},"message":"[worker-~diagnostic~-66d6cedb-055d-4e9f-a9b8-eafc29292de5]: Assigning socketPath: \\\\?\\pipe\\C:\\Users\\tosib\\Desktop\\amazon2\\functions\\11252"}}
[debug] [2021-10-13T14:53:25.187Z] [worker-~diagnostic~-66d6cedb-055d-4e9f-a9b8-eafc29292de5]: BUSY {"metadata":{"emulator":{"name":"functions"},"message":"[worker-~diagnostic~-66d6cedb-055d-4e9f-a9b8-eafc29292de5]: BUSY"}}
[debug] [2021-10-13T14:53:25.188Z] [worker-~diagnostic~-3d2c5699-dd8e-4d81-b38c-d4d295feec71]: exited {"metadata":{"emulator":{"name":"functions"},"message":"[worker-~diagnostic~-3d2c5699-dd8e-4d81-b38c-d4d295feec71]: exited"}}
[debug] [2021-10-13T14:53:25.188Z] [worker-~diagnostic~-3d2c5699-dd8e-4d81-b38c-d4d295feec71]: FINISHED {"metadata":{"emulator":{"name":"functions"},"message":"[worker-~diagnostic~-3d2c5699-dd8e-4d81-b38c-d4d295feec71]: FINISHED"}}
[debug] [2021-10-13T14:53:25.352Z] [runtime-status] [11252] Functions runtime initialized. {"cwd":"C:\\Users\\tosib\\Desktop\\amazon2\\functions","node_version":"14.17.6"} {"metadata":{"emulator":{"name":"functions"},"message":"[runtime-status] [11252] Functions runtime initialized. {\"cwd\":\"C:\\\\Users\\\\tosib\\\\Desktop\\\\amazon2\\\\functions\",\"node_version\":\"14.17.6\"}"}}
[debug] [2021-10-13T14:53:25.354Z] [runtime-status] [11252] Disabled runtime features: undefined {"metadata":{"emulator":{"name":"functions"},"message":"[runtime-status] [11252] Disabled runtime features: undefined"}}
[debug] [2021-10-13T14:53:25.356Z] [runtime-status] [11252] Resolved module firebase-admin {"declared":true,"installed":true,"version":"9.12.0","resolution":"C:\\Users\\tosib\\Desktop\\amazon2\\functions\\node_modules\\firebase-admin\\lib\\index.js"} {"metadata":{"emulator":{"name":"functions"},"message":"[runtime-status] [11252] Resolved module firebase-admin {\"declared\":true,\"installed\":true,\"version\":\"9.12.0\",\"resolution\":\"C:\\\\Users\\\\tosib\\\\Desktop\\\\amazon2\\\\functions\\\\node_modules\\\\firebase-admin\\\\lib\\\\index.js\"}"}}
[debug] [2021-10-13T14:53:25.359Z] [runtime-status] [11252] Resolved module firebase-functions {"declared":true,"installed":true,"version":"3.15.7","resolution":"C:\\Users\\tosib\\Desktop\\amazon2\\functions\\node_modules\\firebase-functions\\lib\\index.js"} {"metadata":{"emulator":{"name":"functions"},"message":"[runtime-status] [11252] Resolved module firebase-functions {\"declared\":true,\"installed\":true,\"version\":\"3.15.7\",\"resolution\":\"C:\\\\Users\\\\tosib\\\\Desktop\\\\amazon2\\\\functions\\\\node_modules\\\\firebase-functions\\\\lib\\\\index.js\"}"}}
[debug] [2021-10-13T14:53:25.360Z] [runtime-status] [11252] Outgoing network have been stubbed. [{"name":"http","status":"mocked"},{"name":"http","status":"mocked"},{"name":"https","status":"mocked"},{"name":"https","status":"mocked"},{"name":"net","status":"mocked"}] {"metadata":{"emulator":{"name":"functions"},"message":"[runtime-status] [11252] Outgoing network have been stubbed. [{\"name\":\"http\",\"status\":\"mocked\"},{\"name\":\"http\",\"status\":\"mocked\"},{\"name\":\"https\",\"status\":\"mocked\"},{\"name\":\"https\",\"status\":\"mocked\"},{\"name\":\"net\",\"status\":\"mocked\"}]"}}
[debug] [2021-10-13T14:53:25.361Z] [runtime-status] [11252] Resolved module firebase-functions {"declared":true,"installed":true,"version":"3.15.7","resolution":"C:\\Users\\tosib\\Desktop\\amazon2\\functions\\node_modules\\firebase-functions\\lib\\index.js"} {"metadata":{"emulator":{"name":"functions"},"message":"[runtime-status] [11252] Resolved module firebase-functions {\"declared\":true,\"installed\":true,\"version\":\"3.15.7\",\"resolution\":\"C:\\\\Users\\\\tosib\\\\Desktop\\\\amazon2\\\\functions\\\\node_modules\\\\firebase-functions\\\\lib\\\\index.js\"}"}}
[debug] [2021-10-13T14:53:25.400Z] [runtime-status] [11252] Checked functions.config() {"config":{}} {"metadata":{"emulator":{"name":"functions"},"message":"[runtime-status] [11252] Checked functions.config() {\"config\":{}}"}}
[debug] [2021-10-13T14:53:25.400Z] [runtime-status] [11252] firebase-functions has been stubbed. {"functionsResolution":{"declared":true,"installed":true,"version":"3.15.7","resolution":"C:\\Users\\tosib\\Desktop\\amazon2\\functions\\node_modules\\firebase-functions\\lib\\index.js"}} {"metadata":{"emulator":{"name":"functions"},"message":"[runtime-status] [11252] firebase-functions has been stubbed. {\"functionsResolution\":{\"declared\":true,\"installed\":true,\"version\":\"3.15.7\",\"resolution\":\"C:\\\\Users\\\\tosib\\\\Desktop\\\\amazon2\\\\functions\\\\node_modules\\\\firebase-functions\\\\lib\\\\index.js\"}}"}}
[debug] [2021-10-13T14:53:25.401Z] [runtime-status] [11252] Resolved module firebase-functions {"declared":true,"installed":true,"version":"3.15.7","resolution":"C:\\Users\\tosib\\Desktop\\amazon2\\functions\\node_modules\\firebase-functions\\lib\\index.js"} {"metadata":{"emulator":{"name":"functions"},"message":"[runtime-status] [11252] Resolved module firebase-functions {\"declared\":true,\"installed\":true,\"version\":\"3.15.7\",\"resolution\":\"C:\\\\Users\\\\tosib\\\\Desktop\\\\amazon2\\\\functions\\\\node_modules\\\\firebase-functions\\\\lib\\\\index.js\"}"}}
[debug] [2021-10-13T14:53:25.402Z] [runtime-status] [11252] Resolved module firebase-admin {"declared":true,"installed":true,"version":"9.12.0","resolution":"C:\\Users\\tosib\\Desktop\\amazon2\\functions\\node_modules\\firebase-admin\\lib\\index.js"} {"metadata":{"emulator":{"name":"functions"},"message":"[runtime-status] [11252] Resolved module firebase-admin {\"declared\":true,\"installed\":true,\"version\":\"9.12.0\",\"resolution\":\"C:\\\\Users\\\\tosib\\\\Desktop\\\\amazon2\\\\functions\\\\node_modules\\\\firebase-admin\\\\lib\\\\index.js\"}"}}
[debug] [2021-10-13T14:53:25.402Z] [runtime-status] [11252] Resolved module firebase-functions {"declared":true,"installed":true,"version":"3.15.7","resolution":"C:\\Users\\tosib\\Desktop\\amazon2\\functions\\node_modules\\firebase-functions\\lib\\index.js"} {"metadata":{"emulator":{"name":"functions"},"message":"[runtime-status] [11252] Resolved module firebase-functions {\"declared\":true,\"installed\":true,\"version\":\"3.15.7\",\"resolution\":\"C:\\\\Users\\\\tosib\\\\Desktop\\\\amazon2\\\\functions\\\\node_modules\\\\firebase-functions\\\\lib\\\\index.js\"}"}}
[debug] [2021-10-13T14:53:25.402Z] [runtime-status] [11252] firebase-admin has been stubbed. {"adminResolution":{"declared":true,"installed":true,"version":"9.12.0","resolution":"C:\\Users\\tosib\\Desktop\\amazon2\\functions\\node_modules\\firebase-admin\\lib\\index.js"}} {"metadata":{"emulator":{"name":"functions"},"message":"[runtime-status] [11252] firebase-admin has been stubbed. {\"adminResolution\":{\"declared\":true,\"installed\":true,\"version\":\"9.12.0\",\"resolution\":\"C:\\\\Users\\\\tosib\\\\Desktop\\\\amazon2\\\\functions\\\\node_modules\\\\firebase-admin\\\\lib\\\\index.js\"}}"}}
[debug] [2021-10-13T14:53:25.535Z] [worker-~diagnostic~-66d6cedb-055d-4e9f-a9b8-eafc29292de5]: IDLE {"metadata":{"emulator":{"name":"functions"},"message":"[worker-~diagnostic~-66d6cedb-055d-4e9f-a9b8-eafc29292de5]: IDLE"}}
[debug] [2021-10-13T14:53:42.006Z] File C:\Users\tosib\Desktop\amazon2\functions\index.js changed, reloading triggers {"metadata":{"emulator":{"name":"functions"},"message":"File C:\\Users\\tosib\\Desktop\\amazon2\\functions\\index.js changed, reloading triggers"}}
[debug] [2021-10-13T14:53:43.009Z] [worker-pool] Shutting down IDLE worker (~diagnostic~) {"metadata":{"emulator":{"name":"functions"},"message":"[worker-pool] Shutting down IDLE worker (~diagnostic~)"}}
[debug] [2021-10-13T14:53:43.010Z] [worker-~diagnostic~-66d6cedb-055d-4e9f-a9b8-eafc29292de5]: FINISHING {"metadata":{"emulator":{"name":"functions"},"message":"[worker-~diagnostic~-66d6cedb-055d-4e9f-a9b8-eafc29292de5]: FINISHING"}}
[debug] [2021-10-13T14:53:43.012Z] [worker-pool] Cleaned up workers for ~diagnostic~: 2 --> 1 {"metadata":{"emulator":{"name":"functions"},"message":"[worker-pool] Cleaned up workers for ~diagnostic~: 2 --> 1"}}
[debug] [2021-10-13T14:53:43.030Z] [worker-pool] addWorker(~diagnostic~) {"metadata":{"emulator":{"name":"functions"},"message":"[worker-pool] addWorker(~diagnostic~)"}}
[debug] [2021-10-13T14:53:43.031Z] [worker-pool] Adding worker with key ~diagnostic~, total=2 {"metadata":{"emulator":{"name":"functions"},"message":"[worker-pool] Adding worker with key ~diagnostic~, total=2"}}
[debug] [2021-10-13T14:53:43.031Z] [worker-pool] submitWork(triggerId=) {"metadata":{"emulator":{"name":"functions"},"message":"[worker-pool] submitWork(triggerId=)"}}
[debug] [2021-10-13T14:53:43.032Z] [worker-~diagnostic~-6e363ffd-a6eb-45d7-ac18-f8b530adbf32]: Assigning socketPath: \\?\pipe\C:\Users\tosib\Desktop\amazon2\functions\28196 {"metadata":{"emulator":{"name":"functions"},"message":"[worker-~diagnostic~-6e363ffd-a6eb-45d7-ac18-f8b530adbf32]: Assigning socketPath: \\\\?\\pipe\\C:\\Users\\tosib\\Desktop\\amazon2\\functions\\28196"}}
[debug] [2021-10-13T14:53:43.032Z] [worker-~diagnostic~-6e363ffd-a6eb-45d7-ac18-f8b530adbf32]: BUSY {"metadata":{"emulator":{"name":"functions"},"message":"[worker-~diagnostic~-6e363ffd-a6eb-45d7-ac18-f8b530adbf32]: BUSY"}}
[debug] [2021-10-13T14:53:43.034Z] [worker-~diagnostic~-66d6cedb-055d-4e9f-a9b8-eafc29292de5]: exited {"metadata":{"emulator":{"name":"functions"},"message":"[worker-~diagnostic~-66d6cedb-055d-4e9f-a9b8-eafc29292de5]: exited"}}
[debug] [2021-10-13T14:53:43.034Z] [worker-~diagnostic~-66d6cedb-055d-4e9f-a9b8-eafc29292de5]: FINISHED {"metadata":{"emulator":{"name":"functions"},"message":"[worker-~diagnostic~-66d6cedb-055d-4e9f-a9b8-eafc29292de5]: FINISHED"}}
[debug] [2021-10-13T14:53:43.199Z] [runtime-status] [28196] Functions runtime initialized. {"cwd":"C:\\Users\\tosib\\Desktop\\amazon2\\functions","node_version":"14.17.6"} {"metadata":{"emulator":{"name":"functions"},"message":"[runtime-status] [28196] Functions runtime initialized. {\"cwd\":\"C:\\\\Users\\\\tosib\\\\Desktop\\\\amazon2\\\\functions\",\"node_version\":\"14.17.6\"}"}}
[debug] [2021-10-13T14:53:43.201Z] [runtime-status] [28196] Disabled runtime features: undefined {"metadata":{"emulator":{"name":"functions"},"message":"[runtime-status] [28196] Disabled runtime features: undefined"}}
[debug] [2021-10-13T14:53:43.204Z] [runtime-status] [28196] Resolved module firebase-admin {"declared":true,"installed":true,"version":"9.12.0","resolution":"C:\\Users\\tosib\\Desktop\\amazon2\\functions\\node_modules\\firebase-admin\\lib\\index.js"} {"metadata":{"emulator":{"name":"functions"},"message":"[runtime-status] [28196] Resolved module firebase-admin {\"declared\":true,\"installed\":true,\"version\":\"9.12.0\",\"resolution\":\"C:\\\\Users\\\\tosib\\\\Desktop\\\\amazon2\\\\functions\\\\node_modules\\\\firebase-admin\\\\lib\\\\index.js\"}"}}
[debug] [2021-10-13T14:53:43.206Z] [runtime-status] [28196] Resolved module firebase-functions {"declared":true,"installed":true,"version":"3.15.7","resolution":"C:\\Users\\tosib\\Desktop\\amazon2\\functions\\node_modules\\firebase-functions\\lib\\index.js"} {"metadata":{"emulator":{"name":"functions"},"message":"[runtime-status] [28196] Resolved module firebase-functions {\"declared\":true,\"installed\":true,\"version\":\"3.15.7\",\"resolution\":\"C:\\\\Users\\\\tosib\\\\Desktop\\\\amazon2\\\\functions\\\\node_modules\\\\firebase-functions\\\\lib\\\\index.js\"}"}}
[debug] [2021-10-13T14:53:43.207Z] [runtime-status] [28196] Outgoing network have been stubbed. [{"name":"http","status":"mocked"},{"name":"http","status":"mocked"},{"name":"https","status":"mocked"},{"name":"https","status":"mocked"},{"name":"net","status":"mocked"}] {"metadata":{"emulator":{"name":"functions"},"message":"[runtime-status] [28196] Outgoing network have been stubbed. [{\"name\":\"http\",\"status\":\"mocked\"},{\"name\":\"http\",\"status\":\"mocked\"},{\"name\":\"https\",\"status\":\"mocked\"},{\"name\":\"https\",\"status\":\"mocked\"},{\"name\":\"net\",\"status\":\"mocked\"}]"}}
[debug] [2021-10-13T14:53:43.208Z] [runtime-status] [28196] Resolved module firebase-functions {"declared":true,"installed":true,"version":"3.15.7","resolution":"C:\\Users\\tosib\\Desktop\\amazon2\\functions\\node_modules\\firebase-functions\\lib\\index.js"} {"metadata":{"emulator":{"name":"functions"},"message":"[runtime-status] [28196] Resolved module firebase-functions {\"declared\":true,\"installed\":true,\"version\":\"3.15.7\",\"resolution\":\"C:\\\\Users\\\\tosib\\\\Desktop\\\\amazon2\\\\functions\\\\node_modules\\\\firebase-functions\\\\lib\\\\index.js\"}"}}
[debug] [2021-10-13T14:53:43.245Z] [runtime-status] [28196] Checked functions.config() {"config":{}} {"metadata":{"emulator":{"name":"functions"},"message":"[runtime-status] [28196] Checked functions.config() {\"config\":{}}"}}
[debug] [2021-10-13T14:53:43.246Z] [runtime-status] [28196] firebase-functions has been stubbed. {"functionsResolution":{"declared":true,"installed":true,"version":"3.15.7","resolution":"C:\\Users\\tosib\\Desktop\\amazon2\\functions\\node_modules\\firebase-functions\\lib\\index.js"}} {"metadata":{"emulator":{"name":"functions"},"message":"[runtime-status] [28196] firebase-functions has been stubbed. {\"functionsResolution\":{\"declared\":true,\"installed\":true,\"version\":\"3.15.7\",\"resolution\":\"C:\\\\Users\\\\tosib\\\\Desktop\\\\amazon2\\\\functions\\\\node_modules\\\\firebase-functions\\\\lib\\\\index.js\"}}"}}
[debug] [2021-10-13T14:53:43.246Z] [runtime-status] [28196] Resolved module firebase-functions {"declared":true,"installed":true,"version":"3.15.7","resolution":"C:\\Users\\tosib\\Desktop\\amazon2\\functions\\node_modules\\firebase-functions\\lib\\index.js"} {"metadata":{"emulator":{"name":"functions"},"message":"[runtime-status] [28196] Resolved module firebase-functions {\"declared\":true,\"installed\":true,\"version\":\"3.15.7\",\"resolution\":\"C:\\\\Users\\\\tosib\\\\Desktop\\\\amazon2\\\\functions\\\\node_modules\\\\firebase-functions\\\\lib\\\\index.js\"}"}}
[debug] [2021-10-13T14:53:43.247Z] [runtime-status] [28196] Resolved module firebase-admin {"declared":true,"installed":true,"version":"9.12.0","resolution":"C:\\Users\\tosib\\Desktop\\amazon2\\functions\\node_modules\\firebase-admin\\lib\\index.js"} {"metadata":{"emulator":{"name":"functions"},"message":"[runtime-status] [28196] Resolved module firebase-admin {\"declared\":true,\"installed\":true,\"version\":\"9.12.0\",\"resolution\":\"C:\\\\Users\\\\tosib\\\\Desktop\\\\amazon2\\\\functions\\\\node_modules\\\\firebase-admin\\\\lib\\\\index.js\"}"}}
[debug] [2021-10-13T14:53:43.248Z] [runtime-status] [28196] Resolved module firebase-functions {"declared":true,"installed":true,"version":"3.15.7","resolution":"C:\\Users\\tosib\\Desktop\\amazon2\\functions\\node_modules\\firebase-functions\\lib\\index.js"} {"metadata":{"emulator":{"name":"functions"},"message":"[runtime-status] [28196] Resolved module firebase-functions {\"declared\":true,\"installed\":true,\"version\":\"3.15.7\",\"resolution\":\"C:\\\\Users\\\\tosib\\\\Desktop\\\\amazon2\\\\functions\\\\node_modules\\\\firebase-functions\\\\lib\\\\index.js\"}"}}
[debug] [2021-10-13T14:53:43.248Z] [runtime-status] [28196] firebase-admin has been stubbed. {"adminResolution":{"declared":true,"installed":true,"version":"9.12.0","resolution":"C:\\Users\\tosib\\Desktop\\amazon2\\functions\\node_modules\\firebase-admin\\lib\\index.js"}} {"metadata":{"emulator":{"name":"functions"},"message":"[runtime-status] [28196] firebase-admin has been stubbed. {\"adminResolution\":{\"declared\":true,\"installed\":true,\"version\":\"9.12.0\",\"resolution\":\"C:\\\\Users\\\\tosib\\\\Desktop\\\\amazon2\\\\functions\\\\node_modules\\\\firebase-admin\\\\lib\\\\index.js\"}}"}}
[debug] [2021-10-13T14:53:43.375Z] [worker-~diagnostic~-6e363ffd-a6eb-45d7-ac18-f8b530adbf32]: IDLE {"metadata":{"emulator":{"name":"functions"},"message":"[worker-~diagnostic~-6e363ffd-a6eb-45d7-ac18-f8b530adbf32]: IDLE"}}
[debug] [2021-10-13T15:03:16.762Z] File C:\Users\tosib\Desktop\amazon2\functions\index.js changed, reloading triggers {"metadata":{"emulator":{"name":"functions"},"message":"File C:\\Users\\tosib\\Desktop\\amazon2\\functions\\index.js changed, reloading triggers"}}
[debug] [2021-10-13T15:03:17.769Z] [worker-pool] Shutting down IDLE worker (~diagnostic~) {"metadata":{"emulator":{"name":"functions"},"message":"[worker-pool] Shutting down IDLE worker (~diagnostic~)"}}
[debug] [2021-10-13T15:03:17.769Z] [worker-~diagnostic~-6e363ffd-a6eb-45d7-ac18-f8b530adbf32]: FINISHING {"metadata":{"emulator":{"name":"functions"},"message":"[worker-~diagnostic~-6e363ffd-a6eb-45d7-ac18-f8b530adbf32]: FINISHING"}}
[debug] [2021-10-13T15:03:17.769Z] [worker-pool] Cleaned up workers for ~diagnostic~: 2 --> 1 {"metadata":{"emulator":{"name":"functions"},"message":"[worker-pool] Cleaned up workers for ~diagnostic~: 2 --> 1"}}
[debug] [2021-10-13T15:03:17.773Z] [worker-pool] addWorker(~diagnostic~) {"metadata":{"emulator":{"name":"functions"},"message":"[worker-pool] addWorker(~diagnostic~)"}}
[debug] [2021-10-13T15:03:17.775Z] [worker-pool] Adding worker with key ~diagnostic~, total=2 {"metadata":{"emulator":{"name":"functions"},"message":"[worker-pool] Adding worker with key ~diagnostic~, total=2"}}
[debug] [2021-10-13T15:03:17.775Z] [worker-pool] submitWork(triggerId=) {"metadata":{"emulator":{"name":"functions"},"message":"[worker-pool] submitWork(triggerId=)"}}
[debug] [2021-10-13T15:03:17.775Z] [worker-~diagnostic~-c0f146fe-1f66-4643-b164-ba404b834a8d]: Assigning socketPath: \\?\pipe\C:\Users\tosib\Desktop\amazon2\functions\33596 {"metadata":{"emulator":{"name":"functions"},"message":"[worker-~diagnostic~-c0f146fe-1f66-4643-b164-ba404b834a8d]: Assigning socketPath: \\\\?\\pipe\\C:\\Users\\tosib\\Desktop\\amazon2\\functions\\33596"}}
[debug] [2021-10-13T15:03:17.775Z] [worker-~diagnostic~-c0f146fe-1f66-4643-b164-ba404b834a8d]: BUSY {"metadata":{"emulator":{"name":"functions"},"message":"[worker-~diagnostic~-c0f146fe-1f66-4643-b164-ba404b834a8d]: BUSY"}}
[debug] [2021-10-13T15:03:17.776Z] [worker-~diagnostic~-6e363ffd-a6eb-45d7-ac18-f8b530adbf32]: exited {"metadata":{"emulator":{"name":"functions"},"message":"[worker-~diagnostic~-6e363ffd-a6eb-45d7-ac18-f8b530adbf32]: exited"}}
[debug] [2021-10-13T15:03:17.777Z] [worker-~diagnostic~-6e363ffd-a6eb-45d7-ac18-f8b530adbf32]: FINISHED {"metadata":{"emulator":{"name":"functions"},"message":"[worker-~diagnostic~-6e363ffd-a6eb-45d7-ac18-f8b530adbf32]: FINISHED"}}
[debug] [2021-10-13T15:03:17.970Z] [runtime-status] [33596] Functions runtime initialized. {"cwd":"C:\\Users\\tosib\\Desktop\\amazon2\\functions","node_version":"14.17.6"} {"metadata":{"emulator":{"name":"functions"},"message":"[runtime-status] [33596] Functions runtime initialized. {\"cwd\":\"C:\\\\Users\\\\tosib\\\\Desktop\\\\amazon2\\\\functions\",\"node_version\":\"14.17.6\"}"}}
[debug] [2021-10-13T15:03:17.973Z] [runtime-status] [33596] Disabled runtime features: undefined {"metadata":{"emulator":{"name":"functions"},"message":"[runtime-status] [33596] Disabled runtime features: undefined"}}
[debug] [2021-10-13T15:03:17.975Z] [runtime-status] [33596] Resolved module firebase-admin {"declared":true,"installed":true,"version":"9.12.0","resolution":"C:\\Users\\tosib\\Desktop\\amazon2\\functions\\node_modules\\firebase-admin\\lib\\index.js"} {"metadata":{"emulator":{"name":"functions"},"message":"[runtime-status] [33596] Resolved module firebase-admin {\"declared\":true,\"installed\":true,\"version\":\"9.12.0\",\"resolution\":\"C:\\\\Users\\\\tosib\\\\Desktop\\\\amazon2\\\\functions\\\\node_modules\\\\firebase-admin\\\\lib\\\\index.js\"}"}}
[debug] [2021-10-13T15:03:17.978Z] [runtime-status] [33596] Resolved module firebase-functions {"declared":true,"installed":true,"version":"3.15.7","resolution":"C:\\Users\\tosib\\Desktop\\amazon2\\functions\\node_modules\\firebase-functions\\lib\\index.js"} {"metadata":{"emulator":{"name":"functions"},"message":"[runtime-status] [33596] Resolved module firebase-functions {\"declared\":true,\"installed\":true,\"version\":\"3.15.7\",\"resolution\":\"C:\\\\Users\\\\tosib\\\\Desktop\\\\amazon2\\\\functions\\\\node_modules\\\\firebase-functions\\\\lib\\\\index.js\"}"}}
[debug] [2021-10-13T15:03:17.979Z] [runtime-status] [33596] Outgoing network have been stubbed. [{"name":"http","status":"mocked"},{"name":"http","status":"mocked"},{"name":"https","status":"mocked"},{"name":"https","status":"mocked"},{"name":"net","status":"mocked"}] {"metadata":{"emulator":{"name":"functions"},"message":"[runtime-status] [33596] Outgoing network have been stubbed. [{\"name\":\"http\",\"status\":\"mocked\"},{\"name\":\"http\",\"status\":\"mocked\"},{\"name\":\"https\",\"status\":\"mocked\"},{\"name\":\"https\",\"status\":\"mocked\"},{\"name\":\"net\",\"status\":\"mocked\"}]"}}
[debug] [2021-10-13T15:03:17.980Z] [runtime-status] [33596] Resolved module firebase-functions {"declared":true,"installed":true,"version":"3.15.7","resolution":"C:\\Users\\tosib\\Desktop\\amazon2\\functions\\node_modules\\firebase-functions\\lib\\index.js"} {"metadata":{"emulator":{"name":"functions"},"message":"[runtime-status] [33596] Resolved module firebase-functions {\"declared\":true,\"installed\":true,\"version\":\"3.15.7\",\"resolution\":\"C:\\\\Users\\\\tosib\\\\Desktop\\\\amazon2\\\\functions\\\\node_modules\\\\firebase-functions\\\\lib\\\\index.js\"}"}}
[debug] [2021-10-13T15:03:18.021Z] [runtime-status] [33596] Checked functions.config() {"config":{}} {"metadata":{"emulator":{"name":"functions"},"message":"[runtime-status] [33596] Checked functions.config() {\"config\":{}}"}}
[debug] [2021-10-13T15:03:18.022Z] [runtime-status] [33596] firebase-functions has been stubbed. {"functionsResolution":{"declared":true,"installed":true,"version":"3.15.7","resolution":"C:\\Users\\tosib\\Desktop\\amazon2\\functions\\node_modules\\firebase-functions\\lib\\index.js"}} {"metadata":{"emulator":{"name":"functions"},"message":"[runtime-status] [33596] firebase-functions has been stubbed. {\"functionsResolution\":{\"declared\":true,\"installed\":true,\"version\":\"3.15.7\",\"resolution\":\"C:\\\\Users\\\\tosib\\\\Desktop\\\\amazon2\\\\functions\\\\node_modules\\\\firebase-functions\\\\lib\\\\index.js\"}}"}}
[debug] [2021-10-13T15:03:18.022Z] [runtime-status] [33596] Resolved module firebase-functions {"declared":true,"installed":true,"version":"3.15.7","resolution":"C:\\Users\\tosib\\Desktop\\amazon2\\functions\\node_modules\\firebase-functions\\lib\\index.js"} {"metadata":{"emulator":{"name":"functions"},"message":"[runtime-status] [33596] Resolved module firebase-functions {\"declared\":true,\"installed\":true,\"version\":\"3.15.7\",\"resolution\":\"C:\\\\Users\\\\tosib\\\\Desktop\\\\amazon2\\\\functions\\\\node_modules\\\\firebase-functions\\\\lib\\\\index.js\"}"}}
[debug] [2021-10-13T15:03:18.023Z] [runtime-status] [33596] Resolved module firebase-admin {"declared":true,"installed":true,"version":"9.12.0","resolution":"C:\\Users\\tosib\\Desktop\\amazon2\\functions\\node_modules\\firebase-admin\\lib\\index.js"} {"metadata":{"emulator":{"name":"functions"},"message":"[runtime-status] [33596] Resolved module firebase-admin {\"declared\":true,\"installed\":true,\"version\":\"9.12.0\",\"resolution\":\"C:\\\\Users\\\\tosib\\\\Desktop\\\\amazon2\\\\functions\\\\node_modules\\\\firebase-admin\\\\lib\\\\index.js\"}"}}
[debug] [2021-10-13T15:03:18.024Z] [runtime-status] [33596] Resolved module firebase-functions {"declared":true,"installed":true,"version":"3.15.7","resolution":"C:\\Users\\tosib\\Desktop\\amazon2\\functions\\node_modules\\firebase-functions\\lib\\index.js"} {"metadata":{"emulator":{"name":"functions"},"message":"[runtime-status] [33596] Resolved module firebase-functions {\"declared\":true,\"installed\":true,\"version\":\"3.15.7\",\"resolution\":\"C:\\\\Users\\\\tosib\\\\Desktop\\\\amazon2\\\\functions\\\\node_modules\\\\firebase-functions\\\\lib\\\\index.js\"}"}}
[debug] [2021-10-13T15:03:18.024Z] [runtime-status] [33596] firebase-admin has been stubbed. {"adminResolution":{"declared":true,"installed":true,"version":"9.12.0","resolution":"C:\\Users\\tosib\\Desktop\\amazon2\\functions\\node_modules\\firebase-admin\\lib\\index.js"}} {"metadata":{"emulator":{"name":"functions"},"message":"[runtime-status] [33596] firebase-admin has been stubbed. {\"adminResolution\":{\"declared\":true,\"installed\":true,\"version\":\"9.12.0\",\"resolution\":\"C:\\\\Users\\\\tosib\\\\Desktop\\\\amazon2\\\\functions\\\\node_modules\\\\firebase-admin\\\\lib\\\\index.js\"}}"}}
[debug] [2021-10-13T15:03:18.172Z] [worker-~diagnostic~-c0f146fe-1f66-4643-b164-ba404b834a8d]: IDLE {"metadata":{"emulator":{"name":"functions"},"message":"[worker-~diagnostic~-c0f146fe-1f66-4643-b164-ba404b834a8d]: IDLE"}}
